
---------------------------------------------------------------------------
BOARD: E:/PROJECT/FPMEMORY/ELECTRONICDESIGN/SCHMATIC/allegro/FPMEMORY.brd ROUTER: 17.2
DATE: Sat Oct 20 03:11:17 2018        HOST: LEE-PC
---------------------------------------------------------------------------
Cnt St-ex Router      Att  Inv Miss Com% Drcs Vias   Etch  Cpu exec  Cpu Tot
--------- ------    ----- ---- ---- ---- ---- ---- ------  -------- --------
  Start    ----        97    1    0  98%    0   45    42.0  0:06:03  0:06:03

---------------------------------------------------------------------------
BOARD: E:/PROJECT/FPMEMORY/ELECTRONICDESIGN/SCHMATIC/allegro/FPMEMORY.brd ROUTER: 17.2
DATE: Sat Oct 20 03:11:17 2018        HOST: LEE-PC
---------------------------------------------------------------------------
Cnt St-ex Router      Att  Inv Miss Com% Drcs Vias   Etch  Cpu exec  Cpu Tot
--------- ------    ----- ---- ---- ---- ---- ---- ------  -------- --------
  Start    ----        97    1    0  98%    0   45    42.0  0:06:03  0:06:03

---------------------------------------------------------------------------
BOARD: E:/PROJECT/FPMEMORY/ELECTRONICDESIGN/SCHMATIC/allegro/FPMEMORY.brd ROUTER: 17.2
DATE: Sat Oct 20 03:11:17 2018        HOST: LEE-PC
---------------------------------------------------------------------------
Cnt St-ex Router      Att  Inv Miss Com% Drcs Vias   Etch  Cpu exec  Cpu Tot
--------- ------    ----- ---- ---- ---- ---- ---- ------  -------- --------
  Start    ----        97    0    0 100%    0   45    40.0  0:06:03  0:06:03

---------------------------------------------------------------------------
BOARD: E:/PROJECT/FPMEMORY/ELECTRONICDESIGN/SCHMATIC/allegro/FPMEMORY.brd ROUTER: 17.2
DATE: Sat Oct 20 03:11:40 2018        HOST: LEE-PC
---------------------------------------------------------------------------
Cnt St-ex Router      Att  Inv Miss Com% Drcs Vias   Etch  Cpu exec  Cpu Tot
--------- ------    ----- ---- ---- ---- ---- ---- ------  -------- --------
  Start    ----        97    0    0 100%    0   45    41.0  0:06:05  0:06:05

---------------------------------------------------------------------------
BOARD: E:/PROJECT/FPMEMORY/ELECTRONICDESIGN/SCHMATIC/allegro/FPMEMORY.brd ROUTER: 17.2
DATE: Sat Oct 20 03:11:40 2018        HOST: LEE-PC
---------------------------------------------------------------------------
Cnt St-ex Router      Att  Inv Miss Com% Drcs Vias   Etch  Cpu exec  Cpu Tot
--------- ------    ----- ---- ---- ---- ---- ---- ------  -------- --------
  Start    ----        97    0    0 100%    0   45    41.0  0:06:05  0:06:05

---------------------------------------------------------------------------
BOARD: E:/PROJECT/FPMEMORY/ELECTRONICDESIGN/SCHMATIC/allegro/FPMEMORY.brd ROUTER: 17.2
DATE: Sat Oct 20 03:11:40 2018        HOST: LEE-PC
---------------------------------------------------------------------------
Cnt St-ex Router      Att  Inv Miss Com% Drcs Vias   Etch  Cpu exec  Cpu Tot
--------- ------    ----- ---- ---- ---- ---- ---- ------  -------- --------
  Start    ----        97    0    0 100%    0   45    40.0  0:06:05  0:06:05

---------------------------------------------------------------------------
BOARD: E:/PROJECT/FPMEMORY/ELECTRONICDESIGN/SCHMATIC/allegro/FPMEMORY.brd ROUTER: 17.2
DATE: Sat Oct 20 03:12:14 2018        HOST: LEE-PC
---------------------------------------------------------------------------
Cnt St-ex Router      Att  Inv Miss Com% Drcs Vias   Etch  Cpu exec  Cpu Tot
--------- ------    ----- ---- ---- ---- ---- ---- ------  -------- --------
  Start    ----        97    0    0 100%    0   45    41.0  0:06:08  0:06:08

---------------------------------------------------------------------------
BOARD: E:/PROJECT/FPMEMORY/ELECTRONICDESIGN/SCHMATIC/allegro/FPMEMORY.brd ROUTER: 17.2
DATE: Sat Oct 20 03:12:14 2018        HOST: LEE-PC
---------------------------------------------------------------------------
Cnt St-ex Router      Att  Inv Miss Com% Drcs Vias   Etch  Cpu exec  Cpu Tot
--------- ------    ----- ---- ---- ---- ---- ---- ------  -------- --------
  Start    ----        97    0    0 100%    0   45    41.0  0:06:08  0:06:08

---------------------------------------------------------------------------
BOARD: E:/PROJECT/FPMEMORY/ELECTRONICDESIGN/SCHMATIC/allegro/FPMEMORY.brd ROUTER: 17.2
DATE: Sat Oct 20 03:12:14 2018        HOST: LEE-PC
---------------------------------------------------------------------------
Cnt St-ex Router      Att  Inv Miss Com% Drcs Vias   Etch  Cpu exec  Cpu Tot
--------- ------    ----- ---- ---- ---- ---- ---- ------  -------- --------
  Start    ----        97    0    0 100%    0   45    41.0  0:06:08  0:06:08

---------------------------------------------------------------------------
BOARD: E:/PROJECT/FPMEMORY/ELECTRONICDESIGN/SCHMATIC/allegro/FPMEMORY.brd ROUTER: 17.2
DATE: Sat Oct 20 03:12:45 2018        HOST: LEE-PC
---------------------------------------------------------------------------
Cnt St-ex Router      Att  Inv Miss Com% Drcs Vias   Etch  Cpu exec  Cpu Tot
--------- ------    ----- ---- ---- ---- ---- ---- ------  -------- --------
  Start    ----        97    0    0 100%    0   45    41.0  0:06:11  0:06:11

---------------------------------------------------------------------------
BOARD: E:/PROJECT/FPMEMORY/ELECTRONICDESIGN/SCHMATIC/allegro/FPMEMORY.brd ROUTER: 17.2
DATE: Sat Oct 20 03:12:45 2018        HOST: LEE-PC
---------------------------------------------------------------------------
Cnt St-ex Router      Att  Inv Miss Com% Drcs Vias   Etch  Cpu exec  Cpu Tot
--------- ------    ----- ---- ---- ---- ---- ---- ------  -------- --------
  Start    ----        97    0    0 100%    0   45    41.0  0:06:11  0:06:11

---------------------------------------------------------------------------
BOARD: E:/PROJECT/FPMEMORY/ELECTRONICDESIGN/SCHMATIC/allegro/FPMEMORY.brd ROUTER: 17.2
DATE: Sat Oct 20 03:12:45 2018        HOST: LEE-PC
---------------------------------------------------------------------------
Cnt St-ex Router      Att  Inv Miss Com% Drcs Vias   Etch  Cpu exec  Cpu Tot
--------- ------    ----- ---- ---- ---- ---- ---- ------  -------- --------
  Start    ----        97    0    0 100%    0   45    41.0  0:06:12  0:06:12

---------------------------------------------------------------------------
BOARD: E:/PROJECT/FPMEMORY/ELECTRONICDESIGN/SCHMATIC/allegro/FPMEMORY.brd ROUTER: 17.2
DATE: Sat Oct 20 03:15:01 2018        HOST: LEE-PC
---------------------------------------------------------------------------
Cnt St-ex Router      Att  Inv Miss Com% Drcs Vias   Etch  Cpu exec  Cpu Tot
--------- ------    ----- ---- ---- ---- ---- ---- ------  -------- --------
  Start    ----        97    0    0 100%    0   45    40.0  0:06:34  0:06:34

---------------------------------------------------------------------------
BOARD: E:/Project/FPMemory/ElectronicDesign/PCB/FPMemory.brd ROUTER: 17.2
DATE: Sat Oct 20 03:48:27 2018        HOST: LEE-PC
---------------------------------------------------------------------------
Cnt St-ex Router      Att  Inv Miss Com% Drcs Vias   Etch  Cpu exec  Cpu Tot
--------- ------    ----- ---- ---- ---- ---- ---- ------  -------- --------
  Start    ----        97    0    0 100%    0   58    43.0  0:11:47  0:11:47

---------------------------------------------------------------------------
BOARD: E:/Project/FPMemory/ElectronicDesign/PCB/FPMemory.brd ROUTER: 17.2
DATE: Sat Oct 20 03:48:27 2018        HOST: LEE-PC
---------------------------------------------------------------------------
Cnt St-ex Router      Att  Inv Miss Com% Drcs Vias   Etch  Cpu exec  Cpu Tot
--------- ------    ----- ---- ---- ---- ---- ---- ------  -------- --------
  Start    ----        97    0    0 100%    0   58    43.0  0:11:47  0:11:47

---------------------------------------------------------------------------
BOARD: E:/Project/FPMemory/ElectronicDesign/PCB/FPMemory.brd ROUTER: 17.2
DATE: Sat Oct 20 03:48:28 2018        HOST: LEE-PC
---------------------------------------------------------------------------
Cnt St-ex Router      Att  Inv Miss Com% Drcs Vias   Etch  Cpu exec  Cpu Tot
--------- ------    ----- ---- ---- ---- ---- ---- ------  -------- --------
  Start    ----        97    0    0 100%    0   58    42.0  0:11:47  0:11:47

---------------------------------------------------------------------------
BOARD: E:/Project/FPMemory/ElectronicDesign/PCB/FPMemory.brd ROUTER: 17.2
DATE: Sat Oct 20 04:29:24 2018        HOST: LEE-PC
---------------------------------------------------------------------------
Cnt St-ex Router      Att  Inv Miss Com% Drcs Vias   Etch  Cpu exec  Cpu Tot
--------- ------    ----- ---- ---- ---- ---- ---- ------  -------- --------
  Start    ----        97    0    0 100%    0   58    43.0  0:19:21  0:19:21

---------------------------------------------------------------------------
BOARD: E:/Project/FPMemory/ElectronicDesign/PCB/FPMemory.brd ROUTER: 17.2
DATE: Sat Oct 20 04:29:24 2018        HOST: LEE-PC
---------------------------------------------------------------------------
Cnt St-ex Router      Att  Inv Miss Com% Drcs Vias   Etch  Cpu exec  Cpu Tot
--------- ------    ----- ---- ---- ---- ---- ---- ------  -------- --------
  Start    ----        97    0    0 100%    0   58    42.0  0:19:21  0:19:21

---------------------------------------------------------------------------
BOARD: E:/Project/FPMemory/ElectronicDesign/PCB/FPMemory.brd ROUTER: 17.2
DATE: Sat Oct 20 04:29:25 2018        HOST: LEE-PC
---------------------------------------------------------------------------
Cnt St-ex Router      Att  Inv Miss Com% Drcs Vias   Etch  Cpu exec  Cpu Tot
--------- ------    ----- ---- ---- ---- ---- ---- ------  -------- --------
  Start    ----        97    0    0 100%    0   58    41.0  0:19:21  0:19:21

---------------------------------------------------------------------------
BOARD: E:/Project/FPMemory/ElectronicDesign/PCB/FPMemory.brd ROUTER: 17.2
DATE: Sat Oct 20 04:29:57 2018        HOST: LEE-PC
---------------------------------------------------------------------------
Cnt St-ex Router      Att  Inv Miss Com% Drcs Vias   Etch  Cpu exec  Cpu Tot
--------- ------    ----- ---- ---- ---- ---- ---- ------  -------- --------
  Start    ----        97    0    0 100%    0   58    43.0  0:19:27  0:19:27

---------------------------------------------------------------------------
BOARD: E:/Project/FPMemory/ElectronicDesign/PCB/FPMemory.brd ROUTER: 17.2
DATE: Sat Oct 20 04:29:57 2018        HOST: LEE-PC
---------------------------------------------------------------------------
Cnt St-ex Router      Att  Inv Miss Com% Drcs Vias   Etch  Cpu exec  Cpu Tot
--------- ------    ----- ---- ---- ---- ---- ---- ------  -------- --------
  Start    ----        97    0    0 100%    0   58    42.0  0:19:27  0:19:27

---------------------------------------------------------------------------
BOARD: E:/Project/FPMemory/ElectronicDesign/PCB/FPMemory.brd ROUTER: 17.2
DATE: Sat Oct 20 04:29:57 2018        HOST: LEE-PC
---------------------------------------------------------------------------
Cnt St-ex Router      Att  Inv Miss Com% Drcs Vias   Etch  Cpu exec  Cpu Tot
--------- ------    ----- ---- ---- ---- ---- ---- ------  -------- --------
  Start    ----        97    0    0 100%    0   58    41.0  0:19:27  0:19:27

---------------------------------------------------------------------------
BOARD: E:/Project/FPMemory/ElectronicDesign/PCB/FPMemory.brd ROUTER: 17.2
DATE: Sat Oct 20 04:37:24 2018        HOST: LEE-PC
---------------------------------------------------------------------------
Cnt St-ex Router      Att  Inv Miss Com% Drcs Vias   Etch  Cpu exec  Cpu Tot
--------- ------    ----- ---- ---- ---- ---- ---- ------  -------- --------
  Start    ----        97    0    0 100%    0   58    43.0  0:20:59  0:20:59

---------------------------------------------------------------------------
BOARD: E:/Project/FPMemory/ElectronicDesign/PCB/FPMemory.brd ROUTER: 17.2
DATE: Sat Oct 20 04:37:24 2018        HOST: LEE-PC
---------------------------------------------------------------------------
Cnt St-ex Router      Att  Inv Miss Com% Drcs Vias   Etch  Cpu exec  Cpu Tot
--------- ------    ----- ---- ---- ---- ---- ---- ------  -------- --------
  Start    ----        97    0    0 100%    0   58    43.0  0:21:00  0:21:00

---------------------------------------------------------------------------
BOARD: E:/Project/FPMemory/ElectronicDesign/PCB/FPMemory.brd ROUTER: 17.2
DATE: Sat Oct 20 04:37:24 2018        HOST: LEE-PC
---------------------------------------------------------------------------
Cnt St-ex Router      Att  Inv Miss Com% Drcs Vias   Etch  Cpu exec  Cpu Tot
--------- ------    ----- ---- ---- ---- ---- ---- ------  -------- --------
  Start    ----        97    0    0 100%    0   58    42.0  0:21:00  0:21:00

---------------------------------------------------------------------------
BOARD: E:/Project/FPMemory/ElectronicDesign/PCB/FPMemory.brd ROUTER: 17.2
DATE: Sat Oct 20 04:50:11 2018        HOST: LEE-PC
---------------------------------------------------------------------------
Cnt St-ex Router      Att  Inv Miss Com% Drcs Vias   Etch  Cpu exec  Cpu Tot
--------- ------    ----- ---- ---- ---- ---- ---- ------  -------- --------
  Start    ----        97    0    0 100%    0   58    43.0  0:23:19  0:23:19

---------------------------------------------------------------------------
BOARD: E:/Project/FPMemory/ElectronicDesign/PCB/FPMemory.brd ROUTER: 17.2
DATE: Sat Oct 20 04:50:11 2018        HOST: LEE-PC
---------------------------------------------------------------------------
Cnt St-ex Router      Att  Inv Miss Com% Drcs Vias   Etch  Cpu exec  Cpu Tot
--------- ------    ----- ---- ---- ---- ---- ---- ------  -------- --------
  Start    ----        97    0    0 100%    0   58    43.0  0:23:19  0:23:19

---------------------------------------------------------------------------
BOARD: E:/Project/FPMemory/ElectronicDesign/PCB/FPMemory.brd ROUTER: 17.2
DATE: Sat Oct 20 04:50:12 2018        HOST: LEE-PC
---------------------------------------------------------------------------
Cnt St-ex Router      Att  Inv Miss Com% Drcs Vias   Etch  Cpu exec  Cpu Tot
--------- ------    ----- ---- ---- ---- ---- ---- ------  -------- --------
  Start    ----        97    0    0 100%    0   58    41.0  0:23:20  0:23:20

---------------------------------------------------------------------------
BOARD: E:/Project/FPMemory/ElectronicDesign/PCB/FPMemory.brd ROUTER: 17.2
DATE: Sat Oct 20 04:50:40 2018        HOST: LEE-PC
---------------------------------------------------------------------------
Cnt St-ex Router      Att  Inv Miss Com% Drcs Vias   Etch  Cpu exec  Cpu Tot
--------- ------    ----- ---- ---- ---- ---- ---- ------  -------- --------
  Start    ----        97    0    0 100%    0   58    43.0  0:23:24  0:23:24

---------------------------------------------------------------------------
BOARD: E:/Project/FPMemory/ElectronicDesign/PCB/FPMemory.brd ROUTER: 17.2
DATE: Sat Oct 20 04:50:40 2018        HOST: LEE-PC
---------------------------------------------------------------------------
Cnt St-ex Router      Att  Inv Miss Com% Drcs Vias   Etch  Cpu exec  Cpu Tot
--------- ------    ----- ---- ---- ---- ---- ---- ------  -------- --------
  Start    ----        97    0    0 100%    0   58    43.0  0:23:24  0:23:24

---------------------------------------------------------------------------
BOARD: E:/Project/FPMemory/ElectronicDesign/PCB/FPMemory.brd ROUTER: 17.2
DATE: Sat Oct 20 04:50:41 2018        HOST: LEE-PC
---------------------------------------------------------------------------
Cnt St-ex Router      Att  Inv Miss Com% Drcs Vias   Etch  Cpu exec  Cpu Tot
--------- ------    ----- ---- ---- ---- ---- ---- ------  -------- --------
  Start    ----        97    0    0 100%    0   58    41.0  0:23:25  0:23:25

---------------------------------------------------------------------------
BOARD: E:/Project/FPMemory/ElectronicDesign/PCB/FPMemory.brd ROUTER: 17.2
DATE: Sat Oct 20 04:52:31 2018        HOST: LEE-PC
---------------------------------------------------------------------------
Cnt St-ex Router      Att  Inv Miss Com% Drcs Vias   Etch  Cpu exec  Cpu Tot
--------- ------    ----- ---- ---- ---- ---- ---- ------  -------- --------
  Start    ----        97    0    0 100%    0   58    43.0  0:23:52  0:23:52

---------------------------------------------------------------------------
BOARD: E:/Project/FPMemory/ElectronicDesign/PCB/FPMemory.brd ROUTER: 17.2
DATE: Sat Oct 20 04:52:31 2018        HOST: LEE-PC
---------------------------------------------------------------------------
Cnt St-ex Router      Att  Inv Miss Com% Drcs Vias   Etch  Cpu exec  Cpu Tot
--------- ------    ----- ---- ---- ---- ---- ---- ------  -------- --------
  Start    ----        97    0    0 100%    0   58    43.0  0:23:52  0:23:52

---------------------------------------------------------------------------
BOARD: E:/Project/FPMemory/ElectronicDesign/PCB/FPMemory.brd ROUTER: 17.2
DATE: Sat Oct 20 04:52:32 2018        HOST: LEE-PC
---------------------------------------------------------------------------
Cnt St-ex Router      Att  Inv Miss Com% Drcs Vias   Etch  Cpu exec  Cpu Tot
--------- ------    ----- ---- ---- ---- ---- ---- ------  -------- --------
  Start    ----        97    0    0 100%    0   58    42.0  0:23:52  0:23:52

---------------------------------------------------------------------------
BOARD: E:/Project/FPMemory/ElectronicDesign/PCB/FPMemory.brd ROUTER: 17.2
DATE: Sat Oct 20 04:52:52 2018        HOST: LEE-PC
---------------------------------------------------------------------------
Cnt St-ex Router      Att  Inv Miss Com% Drcs Vias   Etch  Cpu exec  Cpu Tot
--------- ------    ----- ---- ---- ---- ---- ---- ------  -------- --------
  Start    ----        97    0    0 100%    0   58    43.0  0:23:55  0:23:55

---------------------------------------------------------------------------
BOARD: E:/Project/FPMemory/ElectronicDesign/PCB/FPMemory.brd ROUTER: 17.2
DATE: Sat Oct 20 04:52:52 2018        HOST: LEE-PC
---------------------------------------------------------------------------
Cnt St-ex Router      Att  Inv Miss Com% Drcs Vias   Etch  Cpu exec  Cpu Tot
--------- ------    ----- ---- ---- ---- ---- ---- ------  -------- --------
  Start    ----        97    0    0 100%    0   58    43.0  0:23:55  0:23:55

---------------------------------------------------------------------------
BOARD: E:/Project/FPMemory/ElectronicDesign/PCB/FPMemory.brd ROUTER: 17.2
DATE: Sat Oct 20 04:52:53 2018        HOST: LEE-PC
---------------------------------------------------------------------------
Cnt St-ex Router      Att  Inv Miss Com% Drcs Vias   Etch  Cpu exec  Cpu Tot
--------- ------    ----- ---- ---- ---- ---- ---- ------  -------- --------
  Start    ----        97    0    0 100%    0   58    42.0  0:23:55  0:23:55

---------------------------------------------------------------------------
BOARD: E:/Project/FPMemory/ElectronicDesign/PCB/FPMemory.brd ROUTER: 17.2
DATE: Sat Oct 20 04:54:33 2018        HOST: LEE-PC
---------------------------------------------------------------------------
Cnt St-ex Router      Att  Inv Miss Com% Drcs Vias   Etch  Cpu exec  Cpu Tot
--------- ------    ----- ---- ---- ---- ---- ---- ------  -------- --------
  Start    ----        97    0    0 100%    0   58    43.0  0:24:09  0:24:09

---------------------------------------------------------------------------
BOARD: E:/Project/FPMemory/ElectronicDesign/PCB/FPMemory.brd ROUTER: 17.2
DATE: Sat Oct 20 04:54:33 2018        HOST: LEE-PC
---------------------------------------------------------------------------
Cnt St-ex Router      Att  Inv Miss Com% Drcs Vias   Etch  Cpu exec  Cpu Tot
--------- ------    ----- ---- ---- ---- ---- ---- ------  -------- --------
  Start    ----        97    0    0 100%    0   58    43.0  0:24:09  0:24:09

---------------------------------------------------------------------------
BOARD: E:/Project/FPMemory/ElectronicDesign/PCB/FPMemory.brd ROUTER: 17.2
DATE: Sat Oct 20 04:54:33 2018        HOST: LEE-PC
---------------------------------------------------------------------------
Cnt St-ex Router      Att  Inv Miss Com% Drcs Vias   Etch  Cpu exec  Cpu Tot
--------- ------    ----- ---- ---- ---- ---- ---- ------  -------- --------
  Start    ----        97    0    0 100%    0   58    42.0  0:24:09  0:24:09

---------------------------------------------------------------------------
BOARD: E:/Project/FPMemory/ElectronicDesign/PCB/FPMemory.brd ROUTER: 17.2
DATE: Sat Oct 20 04:56:18 2018        HOST: LEE-PC
---------------------------------------------------------------------------
Cnt St-ex Router      Att  Inv Miss Com% Drcs Vias   Etch  Cpu exec  Cpu Tot
--------- ------    ----- ---- ---- ---- ---- ---- ------  -------- --------
  Start    ----        97    0    0 100%    0   58    43.0  0:24:21  0:24:21

---------------------------------------------------------------------------
BOARD: E:/Project/FPMemory/ElectronicDesign/PCB/FPMemory.brd ROUTER: 17.2
DATE: Sat Oct 20 04:56:19 2018        HOST: LEE-PC
---------------------------------------------------------------------------
Cnt St-ex Router      Att  Inv Miss Com% Drcs Vias   Etch  Cpu exec  Cpu Tot
--------- ------    ----- ---- ---- ---- ---- ---- ------  -------- --------
  Start    ----        97    0    0 100%    0   58    42.0  0:24:21  0:24:21

---------------------------------------------------------------------------
BOARD: E:/Project/FPMemory/ElectronicDesign/PCB/FPMemory.brd ROUTER: 17.2
DATE: Sat Oct 20 04:56:19 2018        HOST: LEE-PC
---------------------------------------------------------------------------
Cnt St-ex Router      Att  Inv Miss Com% Drcs Vias   Etch  Cpu exec  Cpu Tot
--------- ------    ----- ---- ---- ---- ---- ---- ------  -------- --------
  Start    ----        97    0    0 100%    0   58    41.0  0:24:21  0:24:21

---------------------------------------------------------------------------
BOARD: E:/Project/FPMemory/ElectronicDesign/PCB/FPMemory.brd ROUTER: 17.2
DATE: Sat Oct 20 04:57:37 2018        HOST: LEE-PC
---------------------------------------------------------------------------
Cnt St-ex Router      Att  Inv Miss Com% Drcs Vias   Etch  Cpu exec  Cpu Tot
--------- ------    ----- ---- ---- ---- ---- ---- ------  -------- --------
  Start    ----        97    0    0 100%    0   58    43.0  0:24:41  0:24:41

---------------------------------------------------------------------------
BOARD: E:/Project/FPMemory/ElectronicDesign/PCB/FPMemory.brd ROUTER: 17.2
DATE: Sat Oct 20 04:57:37 2018        HOST: LEE-PC
---------------------------------------------------------------------------
Cnt St-ex Router      Att  Inv Miss Com% Drcs Vias   Etch  Cpu exec  Cpu Tot
--------- ------    ----- ---- ---- ---- ---- ---- ------  -------- --------
  Start    ----        97    0    0 100%    0   58    43.0  0:24:41  0:24:41

---------------------------------------------------------------------------
BOARD: E:/Project/FPMemory/ElectronicDesign/PCB/FPMemory.brd ROUTER: 17.2
DATE: Sat Oct 20 04:57:37 2018        HOST: LEE-PC
---------------------------------------------------------------------------
Cnt St-ex Router      Att  Inv Miss Com% Drcs Vias   Etch  Cpu exec  Cpu Tot
--------- ------    ----- ---- ---- ---- ---- ---- ------  -------- --------
  Start    ----        97    0    0 100%    0   58    42.0  0:24:42  0:24:42

---------------------------------------------------------------------------
BOARD: E:/Project/FPMemory/ElectronicDesign/PCB/FPMemory.brd ROUTER: 17.2
DATE: Sat Oct 20 04:58:44 2018        HOST: LEE-PC
---------------------------------------------------------------------------
Cnt St-ex Router      Att  Inv Miss Com% Drcs Vias   Etch  Cpu exec  Cpu Tot
--------- ------    ----- ---- ---- ---- ---- ---- ------  -------- --------
  Start    ----        97    0    0 100%    0   58    43.0  0:24:52  0:24:52

---------------------------------------------------------------------------
BOARD: E:/Project/FPMemory/ElectronicDesign/PCB/FPMemory.brd ROUTER: 17.2
DATE: Sat Oct 20 04:58:44 2018        HOST: LEE-PC
---------------------------------------------------------------------------
Cnt St-ex Router      Att  Inv Miss Com% Drcs Vias   Etch  Cpu exec  Cpu Tot
--------- ------    ----- ---- ---- ---- ---- ---- ------  -------- --------
  Start    ----        97    0    0 100%    0   58    43.0  0:24:52  0:24:52

---------------------------------------------------------------------------
BOARD: E:/Project/FPMemory/ElectronicDesign/PCB/FPMemory.brd ROUTER: 17.2
DATE: Sat Oct 20 04:58:44 2018        HOST: LEE-PC
---------------------------------------------------------------------------
Cnt St-ex Router      Att  Inv Miss Com% Drcs Vias   Etch  Cpu exec  Cpu Tot
--------- ------    ----- ---- ---- ---- ---- ---- ------  -------- --------
  Start    ----        97    0    0 100%    0   58    42.0  0:24:53  0:24:53

---------------------------------------------------------------------------
BOARD: E:/Project/FPMemory/ElectronicDesign/PCB/FPMemory.brd ROUTER: 17.2
DATE: Sat Oct 20 04:59:07 2018        HOST: LEE-PC
---------------------------------------------------------------------------
Cnt St-ex Router      Att  Inv Miss Com% Drcs Vias   Etch  Cpu exec  Cpu Tot
--------- ------    ----- ---- ---- ---- ---- ---- ------  -------- --------
  Start    ----        97    0    0 100%    0   58    43.0  0:24:57  0:24:57
