(---------------------------------------------------------------------)
(                                                                     )
(    ARTWORK LOG                                                      )
(                                                                     )
(    Drawing          : FPMemory.brd                                  )
(    Software Version : 17.2S045                                      )
(    Date/Time        : Sat Oct 20 17:30:39 2018                      )
(                                                                     )
(---------------------------------------------------------------------)


 ---- Photoplot outline rectangle not found; using drawing extents.




 Can't open parameter file ... using default values:
     DEVICE-TYPE        GERBER6X00
     G-CODES            NO
     STATIONS-PER-WHEEL 24
     FILM-SIZE          24000 16000
     COORDINATES        ABSOLUTE
     OUTPUT-UNITS       INCHES
     FORMAT             5.3
     ABORT-ON-ERROR     abort film & continue
     SUPPRESS-LEAD-ZEROES     YES
     SUPPRESS-TRAIL-ZEROES    NO
     OPTIMIZE           YES
     SUPPRESS-EQUAL     YES
     SCALE              1.0





================================================================
     PROCESSING FILM < TOP >
     TO FILE < E:/Project/FPMemory/ElectronicDesign/PCB/output/TOP.art > ...
================================================================

  FILM PARAMETERS :
  ---------------------------------------------------------
  Undefined line width                6.00 MIL
  Mirror code                         NONE
  Rotate angle                        NONE
  Offset x:                           0.00
  Offset y:                           0.00
  Plot negative                       NO
  Suppress unconnected internal pads  NO
  Draw holes only                     NO



  APERTURES USED (UNIT = IN):
  ---------------------------------------------------------
  TYPE       SIZE/NAME                   ROT   MIRROR MODE 
  ---------------------------------------------------------
  CIRCLE     0.01000                                  DARK 
  CIRCLE     0.01600                                  DARK 
  CIRCLE     0.05000                                  DARK 
  CIRCLE     0.07087                                  DARK 
  SQUARE     0.05000                     0.000 NO     DARK 
  SQUARE     0.07087                     0.000 NO     DARK 
  SQUARE     0.19685                     0.000 NO     DARK 
  RECTANGLE  0.07874     x 0.03543       0.000 NO     DARK 
  RECTANGLE  0.07874     x 0.03543      90.000 NO     DARK 
  PAD SHAPE  ROUNDED_RECTANGLE ,197.00   0.000 NO     DARK 

     TOP created with warnings


================================================================
     PROCESSING FILM < BOTTOM >
     TO FILE < E:/Project/FPMemory/ElectronicDesign/PCB/output/BOTTOM.art > ...
================================================================

  FILM PARAMETERS :
  ---------------------------------------------------------
  Undefined line width                6.00 MIL
  Mirror code                         NONE
  Rotate angle                        NONE
  Offset x:                           0.00
  Offset y:                           0.00
  Plot negative                       NO
  Suppress unconnected internal pads  NO
  Draw holes only                     NO



  APERTURES USED (UNIT = IN):
  ---------------------------------------------------------
  TYPE       SIZE/NAME                   ROT   MIRROR MODE 
  ---------------------------------------------------------
  CIRCLE     0.01000                                  DARK 
  CIRCLE     0.01600                                  DARK 
  CIRCLE     0.05000                                  DARK 
  CIRCLE     0.07087                                  DARK 
  SQUARE     0.05000                     0.000 NO     DARK 
  SQUARE     0.07087                     0.000 NO     DARK 
  RECTANGLE  0.04528     x 0.05709       0.000 NO     DARK 
  RECTANGLE  0.04528     x 0.05709      90.000 NO     DARK 
  RECTANGLE  0.06299     x 0.02362      90.000 NO     DARK 

     BOTTOM created with warnings


================================================================
     PROCESSING FILM < SILKSCREEN_TOP >
     TO FILE < E:/Project/FPMemory/ElectronicDesign/PCB/output/SILKSCREEN_TOP.art > ...
================================================================

  FILM PARAMETERS :
  ---------------------------------------------------------
  Undefined line width                6.00 MIL
  Mirror code                         NONE
  Rotate angle                        NONE
  Offset x:                           0.00
  Offset y:                           0.00
  Plot negative                       NO
  Suppress unconnected internal pads  NO
  Draw holes only                     NO



  APERTURES USED (UNIT = IN):
  ---------------------------------------------------------
  TYPE       SIZE/NAME                   ROT   MIRROR MODE 
  ---------------------------------------------------------
  CIRCLE     0.00591                                  DARK 
  CIRCLE     0.00600                                  DARK 

     SILKSCREEN_TOP created with warnings


================================================================
     PROCESSING FILM < SILKSCREEN_BOTTOM >
     TO FILE < E:/Project/FPMemory/ElectronicDesign/PCB/output/SILKSCREEN_BOTTOM.art > ...
================================================================

  FILM PARAMETERS :
  ---------------------------------------------------------
  Undefined line width                6.00 MIL
  Mirror code                         NONE
  Rotate angle                        NONE
  Offset x:                           0.00
  Offset y:                           0.00
  Plot negative                       NO
  Suppress unconnected internal pads  NO
  Draw holes only                     NO



  APERTURES USED (UNIT = IN):
  ---------------------------------------------------------
  TYPE       SIZE/NAME                   ROT   MIRROR MODE 
  ---------------------------------------------------------
  CIRCLE     0.00197                                  DARK 
  CIRCLE     0.00591                                  DARK 
  CIRCLE     0.00600                                  DARK 

     SILKSCREEN_BOTTOM created with warnings


================================================================
     PROCESSING FILM < SOLDERMASK_TOP >
     TO FILE < E:/Project/FPMemory/ElectronicDesign/PCB/output/SOLDERMASK_TOP.art > ...
================================================================

  FILM PARAMETERS :
  ---------------------------------------------------------
  Undefined line width                6.00 MIL
  Mirror code                         NONE
  Rotate angle                        NONE
  Offset x:                           0.00
  Offset y:                           0.00
  Plot negative                       NO
  Suppress unconnected internal pads  NO
  Draw holes only                     NO



  APERTURES USED (UNIT = IN):
  ---------------------------------------------------------
  TYPE       SIZE/NAME                   ROT   MIRROR MODE 
  ---------------------------------------------------------
  CIRCLE     0.01700                                  DARK 
  CIRCLE     0.05394                                  DARK 
  CIRCLE     0.07480                                  DARK 
  SQUARE     0.05394                     0.000 NO     DARK 
  SQUARE     0.07480                     0.000 NO     DARK 
  SQUARE     0.20079                     0.000 NO     DARK 
  RECTANGLE  0.08268     x 0.03937       0.000 NO     DARK 
  RECTANGLE  0.08268     x 0.03937      90.000 NO     DARK 
  PAD SHAPE  ROUNDED_RECTANGLE ,492.00   0.000 NO     DARK 

     SOLDERMASK_TOP created with warnings


================================================================
     PROCESSING FILM < SOLDERMASK_BOTTOM >
     TO FILE < E:/Project/FPMemory/ElectronicDesign/PCB/output/SOLDERMASK_BOTTOM.art > ...
================================================================

  FILM PARAMETERS :
  ---------------------------------------------------------
  Undefined line width                6.00 MIL
  Mirror code                         NONE
  Rotate angle                        NONE
  Offset x:                           0.00
  Offset y:                           0.00
  Plot negative                       NO
  Suppress unconnected internal pads  NO
  Draw holes only                     NO



  APERTURES USED (UNIT = IN):
  ---------------------------------------------------------
  TYPE       SIZE/NAME                   ROT   MIRROR MODE 
  ---------------------------------------------------------
  CIRCLE     0.01700                                  DARK 
  CIRCLE     0.05394                                  DARK 
  CIRCLE     0.07480                                  DARK 
  SQUARE     0.05394                     0.000 NO     DARK 
  SQUARE     0.07480                     0.000 NO     DARK 
  RECTANGLE  0.04921     x 0.06102       0.000 NO     DARK 
  RECTANGLE  0.04921     x 0.06102      90.000 NO     DARK 
  RECTANGLE  0.06693     x 0.02756      90.000 NO     DARK 

     SOLDERMASK_BOTTOM created with warnings


================================================================
     PROCESSING FILM < PASTEMASK_TOP >
     TO FILE < E:/Project/FPMemory/ElectronicDesign/PCB/output/PASTEMASK_TOP.art > ...
================================================================

  FILM PARAMETERS :
  ---------------------------------------------------------
  Undefined line width                6.00 MIL
  Mirror code                         NONE
  Rotate angle                        NONE
  Offset x:                           0.00
  Offset y:                           0.00
  Plot negative                       NO
  Suppress unconnected internal pads  NO
  Draw holes only                     NO



  APERTURES USED (UNIT = IN):
  ---------------------------------------------------------
  TYPE       SIZE/NAME                   ROT   MIRROR MODE 
  ---------------------------------------------------------
  SQUARE     0.19685                     0.000 NO     DARK 
  RECTANGLE  0.07874     x 0.03543       0.000 NO     DARK 
  RECTANGLE  0.07874     x 0.03543      90.000 NO     DARK 
  PAD SHAPE  ROUNDED_RECTANGLE ,197.00   0.000 NO     DARK 

     PASTEMASK_TOP created with warnings


================================================================
     PROCESSING FILM < PASTEMASK_BOTTOM >
     TO FILE < E:/Project/FPMemory/ElectronicDesign/PCB/output/PASTEMASK_BOTTOM.art > ...
================================================================

  FILM PARAMETERS :
  ---------------------------------------------------------
  Undefined line width                6.00 MIL
  Mirror code                         NONE
  Rotate angle                        NONE
  Offset x:                           0.00
  Offset y:                           0.00
  Plot negative                       NO
  Suppress unconnected internal pads  NO
  Draw holes only                     NO



  APERTURES USED (UNIT = IN):
  ---------------------------------------------------------
  TYPE       SIZE/NAME                   ROT   MIRROR MODE 
  ---------------------------------------------------------
  RECTANGLE  0.04528     x 0.05709       0.000 NO     DARK 
  RECTANGLE  0.04528     x 0.05709      90.000 NO     DARK 
  RECTANGLE  0.06299     x 0.02362      90.000 NO     DARK 

     PASTEMASK_BOTTOM created with warnings


================================================================
     PROCESSING FILM < OUTLINE >
     TO FILE < E:/Project/FPMemory/ElectronicDesign/PCB/output/OUTLINE.art > ...
================================================================

  FILM PARAMETERS :
  ---------------------------------------------------------
  Undefined line width                6.00 MIL
  Mirror code                         NONE
  Rotate angle                        NONE
  Offset x:                           0.00
  Offset y:                           0.00
  Plot negative                       NO
  Suppress unconnected internal pads  NO
  Draw holes only                     NO



  APERTURES USED (UNIT = IN):
  ---------------------------------------------------------
  TYPE       SIZE/NAME                   ROT   MIRROR MODE 
  ---------------------------------------------------------
  CIRCLE     0.00600                                  DARK 

     OUTLINE created with warnings


================================================================
     PROCESSING FILM < DRILL_DRAWING >
     TO FILE < E:/Project/FPMemory/ElectronicDesign/PCB/output/DRILL_DRAWING.art > ...
================================================================

  FILM PARAMETERS :
  ---------------------------------------------------------
  Undefined line width                6.00 MIL
  Mirror code                         NONE
  Rotate angle                        NONE
  Offset x:                           0.00
  Offset y:                           0.00
  Plot negative                       NO
  Suppress unconnected internal pads  NO
  Draw holes only                     NO

    WARNING: 0 width line found at (-660.00 -1960.00) in MIL
           ... using undefined line width of 6.00 MIL

    WARNING: Multiple 0 width lines; all will be treated the same as the first.
           ... using undefined line width of 6.00 MIL

    WARNING: text composed 0 width line found at (-210.50 -1397.50) in MIL
           ... using undefined line width of 6.00 MIL

    WARNING: text having Multiple 0 width lines; all will be treated the same as the first.
           ... using undefined line width of 6.00 MIL



  APERTURES USED (UNIT = IN):
  ---------------------------------------------------------
  TYPE       SIZE/NAME                   ROT   MIRROR MODE 
  ---------------------------------------------------------
  CIRCLE     0.00600                                  DARK 

     DRILL_DRAWING created with warnings


------------------------------------------------------
 SUMMARY:
        TOP created with warnings
        BOTTOM created with warnings
        SILKSCREEN_TOP created with warnings
        SILKSCREEN_BOTTOM created with warnings
        SOLDERMASK_TOP created with warnings
        SOLDERMASK_BOTTOM created with warnings
        PASTEMASK_TOP created with warnings
        PASTEMASK_BOTTOM created with warnings
        OUTLINE created with warnings
        DRILL_DRAWING created with warnings

 ARTWORK had warnings
