
---------------------------------------------------------------------------
BOARD: E:/Project/FPMemory/ElectronicDesign/PCB/output/FPMemory_1.brd ROUTER: 17.2
DATE: Sat Oct 20 22:28:06 2018        HOST: LEE-PC
---------------------------------------------------------------------------
Cnt St-ex Router      Att  Inv Miss Com% Drcs Vias   Etch  Cpu exec  Cpu Tot
--------- ------    ----- ---- ---- ---- ---- ---- ------  -------- --------
  Start    ----        97    0    0 100%    0   57    40.0  0:07:30  0:07:30

---------------------------------------------------------------------------
BOARD: E:/Project/FPMemory/ElectronicDesign/PCB/output/FPMemory_1.brd ROUTER: 17.2
DATE: Sat Oct 20 22:28:06 2018        HOST: LEE-PC
---------------------------------------------------------------------------
Cnt St-ex Router      Att  Inv Miss Com% Drcs Vias   Etch  Cpu exec  Cpu Tot
--------- ------    ----- ---- ---- ---- ---- ---- ------  -------- --------
  Start    ----        97    0    0 100%    0   57    40.0  0:07:30  0:07:30

---------------------------------------------------------------------------
BOARD: E:/Project/FPMemory/ElectronicDesign/PCB/output/FPMemory_1.brd ROUTER: 17.2
DATE: Sat Oct 20 22:28:06 2018        HOST: LEE-PC
---------------------------------------------------------------------------
Cnt St-ex Router      Att  Inv Miss Com% Drcs Vias   Etch  Cpu exec  Cpu Tot
--------- ------    ----- ---- ---- ---- ---- ---- ------  -------- --------
  Start    ----        97    0    0 100%    0   57    39.0  0:07:31  0:07:31
