Fri Oct 05 15:45:32 2018				Page     1


 
Update Symbols/Modules Logfile
	Fri Oct 05 15:45:32 2018

------ Module Refresh Messages ------

SUMMARY:    Updated 0 out of 0 modules

------ End Module Messages     ------



(---------------------------------------------------------------------)
(                                                                     )
(    Refresh Symbol                                                   )
(                                                                     )
(    Drawing          : FPMemory.brd                                  )
(    Software Version : 17.2S045                                      )
(    Date/Time        : Fri Oct 05 15:45:32 2018                      )
(                                                                     )
(---------------------------------------------------------------------)


Fri Oct 05 15:45:32 2018				Page     1


------ Symbol Refresh Directives ------

Input design  = 'E:/Project/FPMemory/PCB/lib/ColorView/FPMemory.brd'
Output design = ''

Update mechanical symbols              = 'NO'
Update format symbols                  = 'NO'
Update package symbols                 = 'NO'
Update shape/flash symbols             = 'NO'
Update symbol padstacks                = 'NO'
Preserve padstacks replaced on pins    = 'NO'
Reset symbol text and size locations   = 'NO'
Reset Pin Escapes (fanouts)            = 'NO'
Ripup Etch                             = 'NO'
Reset custom drill data                = 'NO'
Symbol list file                       = 'C:/Users/Lee/AppData/Local/Temp/#Taaaafa08108.tmp'


------ Library Paths ------
PSMPATH =  . 
           symbols 
           .. 
           ../symbols 
           D:/Cadence/Cadence_SPB_17.2-2016/share/local/pcb/symbols 
           D:/Cadence/Cadence_SPB_17.2-2016/share/pcb/pcb_lib/symbols 
           D:/Cadence/Cadence_SPB_17.2-2016/share/pcb/allegrolib/symbols 
           E:/Project/FPMemory/PCB/lib/padlib 
           E:/Project/FPMemory/PCB/lib 

PADPATH =  . 
           symbols 
           .. 
           ../symbols 
           D:/Cadence/Cadence_SPB_17.2-2016/share/local/pcb/padstacks 
           D:/Cadence/Cadence_SPB_17.2-2016/share/pcb/pcb_lib/symbols 
           D:/Cadence/Cadence_SPB_17.2-2016/share/pcb/allegrolib/symbols 
           E:/Project/FPMemory/PCB/lib 
           E:/Project/FPMemory/PCB/lib/padlib 


------ Symbol Refresh Messages ------

'SIP-2'  symbol refreshed successfully.


----- Symbol Update Summary ----

Updated symbols: 1 out 1
    Design updated.

