(---------------------------------------------------------------------)
(                                                                     )
(    Refresh Padstack                                                 )
(                                                                     )
(    Drawing          : FPMemory.brd                                  )
(    Software Version : 17.2S045                                      )
(    Date/Time        : Fri Oct 05 15:50:01 2018                      )
(                                                                     )
(---------------------------------------------------------------------)


Fri Oct 05 15:50:01 2018				Page     1


------ Pad Stack Refresh Options ------

Input design  = 'E:/Project/FPMemory/PCB/lib/ColorView/FPMemory.brd'
Output design = ''
Reset symbol text and size locations   = 'NO'


------ Library Paths ------
PSMPATH =  . 
           symbols 
           .. 
           ../symbols 
           D:/Cadence/Cadence_SPB_17.2-2016/share/local/pcb/symbols 
           D:/Cadence/Cadence_SPB_17.2-2016/share/pcb/pcb_lib/symbols 
           D:/Cadence/Cadence_SPB_17.2-2016/share/pcb/allegrolib/symbols 
           E:/Project/FPMemory/PCB/lib/padlib 
           E:/Project/FPMemory/PCB/lib 

PADPATH =  . 
           symbols 
           .. 
           ../symbols 
           D:/Cadence/Cadence_SPB_17.2-2016/share/local/pcb/padstacks 
           D:/Cadence/Cadence_SPB_17.2-2016/share/pcb/pcb_lib/symbols 
           D:/Cadence/Cadence_SPB_17.2-2016/share/pcb/allegrolib/symbols 
           E:/Project/FPMemory/PCB/lib 
           E:/Project/FPMemory/PCB/lib/padlib 


------ Pad Stack Refresh Messages ------

'VIA'  pad stack refresh starting.

     'VIA'  pad stack refreshed successfully.
     
'SMD500_500S'  pad stack refresh starting.

     'SMD500_500S'  pad stack refreshed successfully.
     
'SMD145_115R'  pad stack refresh starting.

     'SMD145_115R'  pad stack refreshed successfully.
     
'SMD110_060C'  pad stack refresh starting.

     'SMD110_060C'  pad stack refreshed successfully.
     
'SMD200_090R'  pad stack refresh starting.

     'SMD200_090R'  pad stack refreshed successfully.
     
'SMD160_060R'  pad stack refresh starting.

     'SMD160_060R'  pad stack refreshed successfully.
     
'THP180_100C'  pad stack refresh starting.

     'THP180_100C'  pad stack refreshed successfully.
     
'THP180_100R'  pad stack refresh starting.

     'THP180_100R'  pad stack refreshed successfully.
     
'VIA16D8'  pad stack refresh starting.

     'VIA16D8'  pad stack refreshed successfully.
     
Completed refreshing all pad stacks successfully.
