Compiling the C compiler identification source file "CMakeCCompilerId.c" failed.
Compiler: E:/ProgramData/ESP32/Tools/tools/bin/xtensa-esp32-elf-gcc.exe 
Build flags: -mlongcalls
Id flags:  

The output was:
1
e:/programdata/esp32/tools/tools/bin/../lib/gcc/xtensa-esp32-elf/5.2.0/../../../../xtensa-esp32-elf/bin/ld.exe: cannot find crt1-sim.o: No such file or directory
e:/programdata/esp32/tools/tools/bin/../lib/gcc/xtensa-esp32-elf/5.2.0/../../../../xtensa-esp32-elf/bin/ld.exe: cannot find _vectors.o: No such file or directory
e:/programdata/esp32/tools/tools/bin/../lib/gcc/xtensa-esp32-elf/5.2.0/../../../../xtensa-esp32-elf/bin/ld.exe: cannot find -lsim
e:/programdata/esp32/tools/tools/bin/../lib/gcc/xtensa-esp32-elf/5.2.0/../../../../xtensa-esp32-elf/bin/ld.exe: cannot find -lhandlers-sim
e:/programdata/esp32/tools/tools/bin/../lib/gcc/xtensa-esp32-elf/5.2.0/../../../../xtensa-esp32-elf/bin/ld.exe: cannot find -lhal
collect2.exe: error: ld returned 1 exit status


Compiling the CXX compiler identification source file "CMakeCXXCompilerId.cpp" failed.
Compiler: E:/ProgramData/ESP32/Tools/tools/bin/xtensa-esp32-elf-g++.exe 
Build flags: -mlongcalls
Id flags:  

The output was:
1
e:/programdata/esp32/tools/tools/bin/../lib/gcc/xtensa-esp32-elf/5.2.0/../../../../xtensa-esp32-elf/bin/ld.exe: cannot find crt1-sim.o: No such file or directory
e:/programdata/esp32/tools/tools/bin/../lib/gcc/xtensa-esp32-elf/5.2.0/../../../../xtensa-esp32-elf/bin/ld.exe: cannot find _vectors.o: No such file or directory
e:/programdata/esp32/tools/tools/bin/../lib/gcc/xtensa-esp32-elf/5.2.0/../../../../xtensa-esp32-elf/bin/ld.exe: cannot find -lsim
e:/programdata/esp32/tools/tools/bin/../lib/gcc/xtensa-esp32-elf/5.2.0/../../../../xtensa-esp32-elf/bin/ld.exe: cannot find -lhandlers-sim
e:/programdata/esp32/tools/tools/bin/../lib/gcc/xtensa-esp32-elf/5.2.0/../../../../xtensa-esp32-elf/bin/ld.exe: cannot find -lhal
collect2.exe: error: ld returned 1 exit status


